<?xml version="1.0" encoding="UTF-8"?>
<!-- Generated by org.testng.reporters.JUnitReportReporter -->
<testsuite hostname="DESKTOP-GGCQ230" failures="0" tests="5" name="Automation.peerxp1.Loginpage" time="115.408" errors="0" timestamp="2020-10-17T11:06:53 IST" skipped="0">
  <testcase classname="Automation.peerxp1.Loginpage" name="Loginpage" time="17.663"/>
  <system-out/>
  <testcase classname="Automation.peerxp1.Loginpage" name="Loginpage" time="18.525"/>
  <system-out/>
  <testcase classname="Automation.peerxp1.Loginpage" name="Loginpage" time="20.491"/>
  <system-out/>
  <testcase classname="Automation.peerxp1.Loginpage" name="Loginpage" time="37.422"/>
  <system-out/>
  <testcase classname="Automation.peerxp1.Loginpage" name="Loginpage" time="21.307"/>
  <system-out/>
</testsuite> <!-- Automation.peerxp1.Loginpage -->
