<?xml version="1.0" encoding="UTF-8"?>
<!-- Generated by org.testng.reporters.JUnitReportReporter -->
<testsuite hostname="DESKTOP-GGCQ230" failures="0" tests="1" name="Automation.peerxp1.NewRegisterpage" time="25.888" errors="0" timestamp="2020-10-17T00:25:31 IST" skipped="0">
  <testcase classname="Automation.peerxp1.NewRegisterpage" name="Registerpage" time="25.888"/>
  <system-out/>
</testsuite> <!-- Automation.peerxp1.NewRegisterpage -->
